time="2022-09-30T14:04:55+07:00" level=info msg="1 already login"
time="2022-09-30T14:05:05+07:00" level=info msg="1 already login"
time="2022-09-30T14:05:08+07:00" level=info msg="1 already login"
time="2022-09-30T14:05:10+07:00" level=info msg="1 already login"
time="2022-09-30T14:05:10+07:00" level=info msg="1 already login"
time="2022-09-30T14:05:11+07:00" level=info msg="1 already login"
time="2022-09-30T14:05:11+07:00" level=info msg="1 already login"
time="2022-09-30T14:13:11+07:00" level=info msg="1 already login"
time="2022-09-30T14:34:53+07:00" level=info msg="1 already login"
time="2022-09-30T14:34:57+07:00" level=info msg="1 already login"
time="2022-09-30T14:36:49+07:00" level=info msg="1 already login"
time="2022-09-30T14:39:03+07:00" level=info msg="1 already login"
time="2022-09-30T14:39:08+07:00" level=info msg="1 already login"
time="2022-09-30T15:46:50+07:00" level=info msg="1 already registered"
time="2022-09-30T15:48:21+07:00" level=info msg="1 already registered"
time="2022-09-30T15:49:56+07:00" level=info msg="1 already login"
time="2022-09-30T16:00:39+07:00" level=info msg="1 already login"
time="2022-09-30T16:01:00+07:00" level=info msg="1 already login"
time="2022-09-30T16:05:34+07:00" level=info msg="1 already login"
time="2022-09-30T16:07:26+07:00" level=info msg="1 already login"
time="2022-09-30T16:08:52+07:00" level=info msg="1 already get all users"
time="2022-10-01T09:10:25+07:00" level=info msg="1 already login"
time="2022-10-01T09:10:47+07:00" level=info msg="1 already login"
time="2022-10-01T09:11:58+07:00" level=info msg="1 already login"
time="2022-10-01T09:12:04+07:00" level=info msg="1 already login"
time="2022-10-01T09:12:08+07:00" level=info msg="1 already login"
time="2022-10-01T09:12:53+07:00" level=info msg="1 already login"
time="2022-10-01T09:12:57+07:00" level=info msg="1 already login"
time="2022-10-01T09:29:48+07:00" level=info msg="1 already login"
time="2022-10-01T13:16:49+07:00" level=info msg="1 already verify registered token"
time="2022-10-01T13:17:00+07:00" level=info msg="1 already verify registered token"
time="2022-10-01T13:17:08+07:00" level=info msg="1 already verify registered token"
time="2022-10-01T13:18:43+07:00" level=info msg="1 already verify registered token"
time="2022-10-01T13:19:02+07:00" level=info msg="1 already verify registered token"
time="2022-10-01T13:21:28+07:00" level=info msg="1 already verify registered token"
time="2022-10-01T13:26:18+07:00" level=info msg="1 already send the forgot password email"
time="2022-10-01T13:26:51+07:00" level=info msg="1 already send the forgot password email"
time="2022-10-01T13:38:12+07:00" level=info msg="1 already verify forgot password token"
time="2022-10-01T13:49:08+07:00" level=info msg="1 already verify registered token"
time="2022-10-01T13:53:00+07:00" level=info msg="1 already verify forgot password token"
time="2022-10-01T13:53:09+07:00" level=info msg="1 already login"
time="2022-10-01T13:53:18+07:00" level=info msg="1 already login"
time="2022-10-01T13:53:44+07:00" level=info msg="1 already verify forgot password token"
time="2022-10-01T13:53:54+07:00" level=info msg="1 already login"
time="2022-10-01T13:55:39+07:00" level=info msg="1 already send the forgot password email"
time="2022-10-01T13:55:54+07:00" level=info msg="1 already verify forgot password token"
time="2022-10-01T13:56:05+07:00" level=info msg="1 already login"
time="2022-10-01T13:57:44+07:00" level=info msg="1 already verify registered token"
time="2022-10-01T13:58:32+07:00" level=info msg="1 already send the forgot password email"
time="2022-10-01T13:58:47+07:00" level=info msg="1 already verify forgot password token"
time="2022-10-01T13:58:53+07:00" level=info msg="1 already login"
time="2022-10-01T14:05:12+07:00" level=info msg="1 already registered"
time="2022-10-01T14:05:37+07:00" level=info msg="1 already verify registered token"
time="2022-10-01T14:06:51+07:00" level=info msg="1 already registered"
time="2022-10-01T14:08:25+07:00" level=info msg="1 already login"
time="2022-10-02T12:04:56+07:00" level=info msg="1 already registered"
time="2022-10-02T12:05:26+07:00" level=info msg="1 already verify registered token"
time="2022-10-02T12:05:38+07:00" level=info msg="1 already login"
time="2022-10-02T12:06:41+07:00" level=info msg="1 already login"
time="2022-10-02T12:08:25+07:00" level=info msg="1 already login"
time="2022-10-02T12:26:26+07:00" level=info msg="1 already insert a user with id 2"
time="2022-10-02T12:32:51+07:00" level=info msg="1 already login"
time="2022-10-02T12:33:00+07:00" level=info msg="1 already insert a user with id 3"
time="2022-10-02T13:16:20+07:00" level=info msg="1 already registered"
time="2022-10-02T13:17:29+07:00" level=info msg="1 already registered"
time="2022-10-02T13:17:58+07:00" level=info msg="1 already login"
time="2022-10-02T13:18:55+07:00" level=info msg="1 already login"
time="2022-10-02T13:19:56+07:00" level=info msg="1 already login"
time="2022-10-05T14:58:13+07:00" level=info msg="1 already login"
